2022-05-20 11:27:01 DEBUG [restartedMain] (o.s.d.r.c.RepositoryConfigurationDelegate:121) - Scanning for repositories in packages com.foucsr.ticketmanager.mysql.database.repository.
2022-05-20 11:27:01 DEBUG [restartedMain] (o.s.d.r.c.RepositoryConfigurationDelegate:142) - Spring Data JPA - Registering repository: emailDetailsRepository - Interface: com.foucsr.ticketmanager.mysql.database.repository.EmailDetailsRepository - Factory: org.springframework.data.jpa.repository.support.JpaRepositoryFactoryBean
2022-05-20 11:27:01 DEBUG [restartedMain] (o.s.d.r.c.RepositoryConfigurationDelegate:142) - Spring Data JPA - Registering repository: groupAgentRepository - Interface: com.foucsr.ticketmanager.mysql.database.repository.GroupAgentRepository - Factory: org.springframework.data.jpa.repository.support.JpaRepositoryFactoryBean
2022-05-20 11:27:01 DEBUG [restartedMain] (o.s.d.r.c.RepositoryConfigurationDelegate:142) - Spring Data JPA - Registering repository: roleRepository - Interface: com.foucsr.ticketmanager.mysql.database.repository.RoleRepository - Factory: org.springframework.data.jpa.repository.support.JpaRepositoryFactoryBean
2022-05-20 11:27:01 DEBUG [restartedMain] (o.s.d.r.c.RepositoryConfigurationDelegate:142) - Spring Data JPA - Registering repository: unassignedTicketTimeRepository - Interface: com.foucsr.ticketmanager.mysql.database.repository.UnassignedTicketTimeRepository - Factory: org.springframework.data.jpa.repository.support.JpaRepositoryFactoryBean
2022-05-20 11:27:01 DEBUG [restartedMain] (o.s.d.r.c.RepositoryConfigurationDelegate:142) - Spring Data JPA - Registering repository: businessFunctionRepository - Interface: com.foucsr.ticketmanager.mysql.database.repository.BusinessFunctionRepository - Factory: org.springframework.data.jpa.repository.support.JpaRepositoryFactoryBean
2022-05-20 11:27:01 DEBUG [restartedMain] (o.s.d.r.c.RepositoryConfigurationDelegate:142) - Spring Data JPA - Registering repository: screensRepository - Interface: com.foucsr.ticketmanager.mysql.database.repository.ScreensRepository - Factory: org.springframework.data.jpa.repository.support.JpaRepositoryFactoryBean
2022-05-20 11:27:01 DEBUG [restartedMain] (o.s.d.r.c.RepositoryConfigurationDelegate:142) - Spring Data JPA - Registering repository: userRepository - Interface: com.foucsr.ticketmanager.mysql.database.repository.UserRepository - Factory: org.springframework.data.jpa.repository.support.JpaRepositoryFactoryBean
2022-05-20 11:27:01 DEBUG [restartedMain] (o.s.d.r.c.RepositoryConfigurationDelegate:153) - Finished repository scanning.
2022-05-20 11:27:01 DEBUG [restartedMain] (o.s.d.r.c.RepositoryConfigurationDelegate:121) - Scanning for repositories in packages com.foucsr.ticketmanager.mysql.database.repository.
2022-05-20 11:27:01 DEBUG [restartedMain] (o.s.d.r.c.RepositoryConfigurationDelegate:142) - Spring Data JPA - Registering repository: unassignedTicketTimeRepository - Interface: com.foucsr.ticketmanager.mysql.database.repository.UnassignedTicketTimeRepository - Factory: org.springframework.data.jpa.repository.support.JpaRepositoryFactoryBean
2022-05-20 11:27:01 DEBUG [restartedMain] (o.s.d.r.c.RepositoryConfigurationDelegate:142) - Spring Data JPA - Registering repository: groupAgentRepository - Interface: com.foucsr.ticketmanager.mysql.database.repository.GroupAgentRepository - Factory: org.springframework.data.jpa.repository.support.JpaRepositoryFactoryBean
2022-05-20 11:27:01 DEBUG [restartedMain] (o.s.d.r.c.RepositoryConfigurationDelegate:142) - Spring Data JPA - Registering repository: userRepository - Interface: com.foucsr.ticketmanager.mysql.database.repository.UserRepository - Factory: org.springframework.data.jpa.repository.support.JpaRepositoryFactoryBean
2022-05-20 11:27:01 DEBUG [restartedMain] (o.s.d.r.c.RepositoryConfigurationDelegate:142) - Spring Data JPA - Registering repository: roleRepository - Interface: com.foucsr.ticketmanager.mysql.database.repository.RoleRepository - Factory: org.springframework.data.jpa.repository.support.JpaRepositoryFactoryBean
2022-05-20 11:27:01 DEBUG [restartedMain] (o.s.d.r.c.RepositoryConfigurationDelegate:142) - Spring Data JPA - Registering repository: businessFunctionRepository - Interface: com.foucsr.ticketmanager.mysql.database.repository.BusinessFunctionRepository - Factory: org.springframework.data.jpa.repository.support.JpaRepositoryFactoryBean
2022-05-20 11:27:01 DEBUG [restartedMain] (o.s.d.r.c.RepositoryConfigurationDelegate:142) - Spring Data JPA - Registering repository: emailDetailsRepository - Interface: com.foucsr.ticketmanager.mysql.database.repository.EmailDetailsRepository - Factory: org.springframework.data.jpa.repository.support.JpaRepositoryFactoryBean
2022-05-20 11:27:01 DEBUG [restartedMain] (o.s.d.r.c.RepositoryConfigurationDelegate:142) - Spring Data JPA - Registering repository: screensRepository - Interface: com.foucsr.ticketmanager.mysql.database.repository.ScreensRepository - Factory: org.springframework.data.jpa.repository.support.JpaRepositoryFactoryBean
2022-05-20 11:27:01 DEBUG [restartedMain] (o.s.d.r.c.RepositoryConfigurationDelegate:153) - Finished repository scanning.
2022-05-20 11:27:02 INFO  [restartedMain] (o.a.j.l.DirectJDKLog:180) - Initializing ProtocolHandler ["http-nio-9090"]
2022-05-20 11:27:02 INFO  [restartedMain] (o.a.j.l.DirectJDKLog:180) - Starting service [Tomcat]
2022-05-20 11:27:02 INFO  [restartedMain] (o.a.j.l.DirectJDKLog:180) - Starting Servlet Engine: Apache Tomcat/8.5.34
2022-05-20 11:27:02 INFO  [localhost-startStop-1] (o.a.j.l.DirectJDKLog:180) - The APR based Apache Tomcat Native library which allows optimal performance in production environments was not found on the java.library.path: [C:\Program Files\Java\jdk1.8.0_321\bin;C:\Windows\Sun\Java\bin;C:\Windows\system32;C:\Windows;C:/Users/Phalgune/.p2/pool/plugins/org.eclipse.justj.openjdk.hotspot.jre.full.win32.x86_64_17.0.2.v20220201-1208/jre/bin/server;C:/Users/Phalgune/.p2/pool/plugins/org.eclipse.justj.openjdk.hotspot.jre.full.win32.x86_64_17.0.2.v20220201-1208/jre/bin;C:\Program Files (x86)\Common Files\Oracle\Java\javapath;C:\Windows\system32;C:\Windows;C:\Windows\System32\Wbem;C:\Windows\System32\WindowsPowerShell\v1.0\;C:\Windows\System32\OpenSSH\;C:\Program Files\nodejs\;D:\FocusR\Maven\apache-maven-3.8.5-bin\apache-maven-3.8.5\bin;D:\FocusR\Mysql\mysql-8.0.29-winx64-debug-test\mysql-8.0.29-winx64\bin;C:\Program Files\MySQL\MySQL Server 8.0\bin;C:\Program Files\Java\jdk1.8.0_321\bin;C:\Users\Jawahar\AppData\Local\Microsoft\WindowsApps;D:\FocusR\Git\Git\cmd;C:\Users\Jawahar\AppData\Local\Programs\Microsoft VS Code\bin;C:\Users\Jawahar\AppData\Roaming\npm;C:\Users\Jawahar\Downloads\java-2022-03-20220502T091501Z-001\java-2022-03\eclipse;;.]
2022-05-20 11:27:02 INFO  [localhost-startStop-1] (o.a.j.l.DirectJDKLog:180) - Initializing Spring embedded WebApplicationContext
2022-05-20 11:27:02 DEBUG [localhost-startStop-1] (c.z.hikari.HikariConfig:495) - Driver class com.mysql.jdbc.Driver found in Thread context class loader TomcatEmbeddedWebappClassLoader
  context: TicketManager
  delegate: true
----------> Parent Classloader:
org.springframework.boot.devtools.restart.classloader.RestartClassLoader@65c469de

2022-05-20 11:27:02 DEBUG [localhost-startStop-1] (c.z.hikari.HikariConfig:1119) - HikariPool-1 - configuration:
2022-05-20 11:27:02 DEBUG [localhost-startStop-1] (c.z.hikari.HikariConfig:1151) - allowPoolSuspension.............false
2022-05-20 11:27:03 DEBUG [localhost-startStop-1] (c.z.hikari.HikariConfig:1151) - autoCommit......................true
2022-05-20 11:27:03 DEBUG [localhost-startStop-1] (c.z.hikari.HikariConfig:1151) - catalog.........................none
2022-05-20 11:27:03 DEBUG [localhost-startStop-1] (c.z.hikari.HikariConfig:1151) - connectionInitSql...............none
2022-05-20 11:27:03 DEBUG [localhost-startStop-1] (c.z.hikari.HikariConfig:1151) - connectionTestQuery.............none
2022-05-20 11:27:03 DEBUG [localhost-startStop-1] (c.z.hikari.HikariConfig:1151) - connectionTimeout...............30000
2022-05-20 11:27:03 DEBUG [localhost-startStop-1] (c.z.hikari.HikariConfig:1151) - dataSource......................none
2022-05-20 11:27:03 DEBUG [localhost-startStop-1] (c.z.hikari.HikariConfig:1151) - dataSourceClassName.............none
2022-05-20 11:27:03 DEBUG [localhost-startStop-1] (c.z.hikari.HikariConfig:1151) - dataSourceJNDI..................none
2022-05-20 11:27:03 DEBUG [localhost-startStop-1] (c.z.hikari.HikariConfig:1151) - dataSourceProperties............{password=<masked>}
2022-05-20 11:27:03 DEBUG [localhost-startStop-1] (c.z.hikari.HikariConfig:1151) - driverClassName................."com.mysql.jdbc.Driver"
2022-05-20 11:27:03 DEBUG [localhost-startStop-1] (c.z.hikari.HikariConfig:1151) - healthCheckProperties...........{}
2022-05-20 11:27:03 DEBUG [localhost-startStop-1] (c.z.hikari.HikariConfig:1151) - healthCheckRegistry.............none
2022-05-20 11:27:03 DEBUG [localhost-startStop-1] (c.z.hikari.HikariConfig:1151) - idleTimeout.....................600000
2022-05-20 11:27:03 DEBUG [localhost-startStop-1] (c.z.hikari.HikariConfig:1151) - initializationFailFast..........true
2022-05-20 11:27:03 DEBUG [localhost-startStop-1] (c.z.hikari.HikariConfig:1151) - initializationFailTimeout.......1
2022-05-20 11:27:03 DEBUG [localhost-startStop-1] (c.z.hikari.HikariConfig:1151) - isolateInternalQueries..........false
2022-05-20 11:27:03 DEBUG [localhost-startStop-1] (c.z.hikari.HikariConfig:1151) - jdbc4ConnectionTest.............false
2022-05-20 11:27:03 DEBUG [localhost-startStop-1] (c.z.hikari.HikariConfig:1151) - jdbcUrl.........................jdbc:mysql://122.165.191.124:3306/ticket_manager_dev?useSSL=false&serverTimezone=UTC&useLegacyDatetimeCode=false
2022-05-20 11:27:03 DEBUG [localhost-startStop-1] (c.z.hikari.HikariConfig:1151) - leakDetectionThreshold..........0
2022-05-20 11:27:03 DEBUG [localhost-startStop-1] (c.z.hikari.HikariConfig:1151) - maxLifetime.....................1800000
2022-05-20 11:27:03 DEBUG [localhost-startStop-1] (c.z.hikari.HikariConfig:1151) - maximumPoolSize.................10
2022-05-20 11:27:03 DEBUG [localhost-startStop-1] (c.z.hikari.HikariConfig:1151) - metricRegistry..................none
2022-05-20 11:27:03 DEBUG [localhost-startStop-1] (c.z.hikari.HikariConfig:1151) - metricsTrackerFactory...........none
2022-05-20 11:27:03 DEBUG [localhost-startStop-1] (c.z.hikari.HikariConfig:1151) - minimumIdle.....................10
2022-05-20 11:27:03 DEBUG [localhost-startStop-1] (c.z.hikari.HikariConfig:1151) - password........................<masked>
2022-05-20 11:27:03 DEBUG [localhost-startStop-1] (c.z.hikari.HikariConfig:1151) - poolName........................"HikariPool-1"
2022-05-20 11:27:03 DEBUG [localhost-startStop-1] (c.z.hikari.HikariConfig:1151) - readOnly........................false
2022-05-20 11:27:03 DEBUG [localhost-startStop-1] (c.z.hikari.HikariConfig:1151) - registerMbeans..................false
2022-05-20 11:27:03 DEBUG [localhost-startStop-1] (c.z.hikari.HikariConfig:1151) - scheduledExecutor...............none
2022-05-20 11:27:03 DEBUG [localhost-startStop-1] (c.z.hikari.HikariConfig:1151) - scheduledExecutorService........internal
2022-05-20 11:27:03 DEBUG [localhost-startStop-1] (c.z.hikari.HikariConfig:1151) - schema..........................none
2022-05-20 11:27:03 DEBUG [localhost-startStop-1] (c.z.hikari.HikariConfig:1151) - threadFactory...................internal
2022-05-20 11:27:03 DEBUG [localhost-startStop-1] (c.z.hikari.HikariConfig:1151) - transactionIsolation............default
2022-05-20 11:27:03 DEBUG [localhost-startStop-1] (c.z.hikari.HikariConfig:1151) - username........................"demo"
2022-05-20 11:27:03 DEBUG [localhost-startStop-1] (c.z.hikari.HikariConfig:1151) - validationTimeout...............5000
2022-05-20 11:27:03 INFO  [localhost-startStop-1] (c.z.h.HikariDataSource:110) - HikariPool-1 - Starting...
2022-05-20 11:27:03 DEBUG [localhost-startStop-1] (c.z.h.pool.HikariPool:538) - HikariPool-1 - Added connection com.mysql.jdbc.JDBC4Connection@8a4085a
2022-05-20 11:27:03 INFO  [localhost-startStop-1] (c.z.h.HikariDataSource:123) - HikariPool-1 - Start completed.
2022-05-20 11:27:04 DEBUG [HikariPool-1 housekeeper] (c.z.h.pool.HikariPool:404) - HikariPool-1 - Pool stats (total=1, active=0, idle=1, waiting=0)
2022-05-20 11:27:04 DEBUG [HikariPool-1 connection adder] (c.z.h.p.HikariPool$PoolEntryCreator:702) - HikariPool-1 - Added connection com.mysql.jdbc.JDBC4Connection@5f79b7a8
2022-05-20 11:27:05 DEBUG [HikariPool-1 connection adder] (c.z.h.p.HikariPool$PoolEntryCreator:702) - HikariPool-1 - Added connection com.mysql.jdbc.JDBC4Connection@2babbc70
2022-05-20 11:27:05 DEBUG [HikariPool-1 connection adder] (c.z.h.p.HikariPool$PoolEntryCreator:702) - HikariPool-1 - Added connection com.mysql.jdbc.JDBC4Connection@7783aeff
2022-05-20 11:27:06 DEBUG [HikariPool-1 connection adder] (c.z.h.p.HikariPool$PoolEntryCreator:702) - HikariPool-1 - Added connection com.mysql.jdbc.JDBC4Connection@119cdf3c
2022-05-20 11:27:07 DEBUG [HikariPool-1 connection adder] (c.z.h.p.HikariPool$PoolEntryCreator:702) - HikariPool-1 - Added connection com.mysql.jdbc.JDBC4Connection@3f11d359
2022-05-20 11:27:07 DEBUG [HikariPool-1 connection adder] (c.z.h.p.HikariPool$PoolEntryCreator:702) - HikariPool-1 - Added connection com.mysql.jdbc.JDBC4Connection@4ba3c39b
2022-05-20 11:27:07 DEBUG [localhost-startStop-1] (o.s.d.j.r.c.JpaMetamodelMappingContextFactoryBean:77) - Initializing JpaMetamodelMappingContext…
2022-05-20 11:27:07 DEBUG [localhost-startStop-1] (o.s.d.j.r.c.JpaMetamodelMappingContextFactoryBean:84) - Finished initializing JpaMetamodelMappingContext!
2022-05-20 11:27:08 DEBUG [localhost-startStop-1] (o.s.d.r.c.s.RepositoryFactorySupport:292) - Initializing repository instance for com.foucsr.ticketmanager.mysql.database.repository.UserRepository…
2022-05-20 11:27:08 DEBUG [localhost-startStop-1] (o.s.d.j.r.q.JpaQueryFactory:55) - Looking up query for method findByUsername
2022-05-20 11:27:08 DEBUG [localhost-startStop-1] (o.s.d.j.r.q.NamedQuery:138) - Looking up named query User.findByUsername
2022-05-20 11:27:08 DEBUG [localhost-startStop-1] (o.s.d.j.r.q.NamedQuery:119) - Did not find named query User.findByUsername
2022-05-20 11:27:08 DEBUG [localhost-startStop-1] (o.s.d.j.r.q.JpaQueryFactory:55) - Looking up query for method findByEmail
2022-05-20 11:27:08 DEBUG [localhost-startStop-1] (o.s.d.j.r.q.NamedQuery:138) - Looking up named query User.findByEmail
2022-05-20 11:27:08 DEBUG [localhost-startStop-1] (o.s.d.j.r.q.NamedQuery:119) - Did not find named query User.findByEmail
2022-05-20 11:27:08 DEBUG [localhost-startStop-1] (o.s.d.j.r.q.JpaQueryFactory:55) - Looking up query for method findByResetToken
2022-05-20 11:27:08 DEBUG [localhost-startStop-1] (o.s.d.j.r.q.NamedQuery:138) - Looking up named query User.findByResetToken
2022-05-20 11:27:08 DEBUG [localhost-startStop-1] (o.s.d.j.r.q.NamedQuery:119) - Did not find named query User.findByResetToken
2022-05-20 11:27:08 DEBUG [localhost-startStop-1] (o.s.d.j.r.q.JpaQueryFactory:55) - Looking up query for method findByFirstNameAndLastName
2022-05-20 11:27:08 DEBUG [localhost-startStop-1] (o.s.d.j.r.q.JpaQueryFactory:55) - Looking up query for method findUser
2022-05-20 11:27:08 DEBUG [localhost-startStop-1] (o.s.d.j.r.q.JpaQueryFactory:55) - Looking up query for method findByIdIn
2022-05-20 11:27:08 DEBUG [localhost-startStop-1] (o.s.d.j.r.q.NamedQuery:138) - Looking up named query User.findByIdIn
2022-05-20 11:27:08 DEBUG [localhost-startStop-1] (o.s.d.j.r.q.NamedQuery:119) - Did not find named query User.findByIdIn
2022-05-20 11:27:08 DEBUG [HikariPool-1 connection adder] (c.z.h.p.HikariPool$PoolEntryCreator:702) - HikariPool-1 - Added connection com.mysql.jdbc.JDBC4Connection@7afed8d3
2022-05-20 11:27:08 DEBUG [localhost-startStop-1] (o.s.d.j.r.q.JpaQueryFactory:55) - Looking up query for method findByVendorId
2022-05-20 11:27:08 DEBUG [localhost-startStop-1] (o.s.d.j.r.q.JpaQueryFactory:55) - Looking up query for method findByUsernameOrEmail
2022-05-20 11:27:08 DEBUG [localhost-startStop-1] (o.s.d.j.r.q.NamedQuery:138) - Looking up named query User.findByUsernameOrEmail
2022-05-20 11:27:08 DEBUG [localhost-startStop-1] (o.s.d.j.r.q.NamedQuery:119) - Did not find named query User.findByUsernameOrEmail
2022-05-20 11:27:08 DEBUG [localhost-startStop-1] (o.s.d.j.r.q.JpaQueryFactory:55) - Looking up query for method findListOfUsers
2022-05-20 11:27:08 DEBUG [localhost-startStop-1] (o.s.d.j.r.q.JpaQueryFactory:55) - Looking up query for method findByAgentId
2022-05-20 11:27:08 DEBUG [localhost-startStop-1] (o.s.d.j.r.q.JpaQueryFactory:55) - Looking up query for method existsByUsername
2022-05-20 11:27:08 DEBUG [localhost-startStop-1] (o.s.d.j.r.q.NamedQuery:138) - Looking up named query User.existsByUsername
2022-05-20 11:27:08 DEBUG [localhost-startStop-1] (o.s.d.j.r.q.NamedQuery:119) - Did not find named query User.existsByUsername
2022-05-20 11:27:08 DEBUG [localhost-startStop-1] (o.s.d.j.r.q.JpaQueryFactory:55) - Looking up query for method existsByEmail
2022-05-20 11:27:08 DEBUG [localhost-startStop-1] (o.s.d.j.r.q.NamedQuery:138) - Looking up named query User.existsByEmail
2022-05-20 11:27:08 DEBUG [localhost-startStop-1] (o.s.d.j.r.q.NamedQuery:119) - Did not find named query User.existsByEmail
2022-05-20 11:27:08 DEBUG [localhost-startStop-1] (o.s.d.j.r.q.JpaQueryFactory:55) - Looking up query for method findUserByIdToActiveOrInactive
2022-05-20 11:27:08 DEBUG [localhost-startStop-1] (o.s.d.j.r.q.JpaQueryFactory:55) - Looking up query for method findFirstAdmin
2022-05-20 11:27:08 DEBUG [localhost-startStop-1] (o.s.d.r.c.s.RepositoryFactorySupport:331) - Finished creation of repository instance for com.foucsr.ticketmanager.mysql.database.repository.UserRepository.
2022-05-20 11:27:08 DEBUG [localhost-startStop-1] (o.s.d.r.c.s.RepositoryFactorySupport:292) - Initializing repository instance for com.foucsr.ticketmanager.mysql.database.repository.EmailDetailsRepository…
2022-05-20 11:27:08 DEBUG [localhost-startStop-1] (o.s.d.j.r.q.JpaQueryFactory:55) - Looking up query for method findOneEmailDetails
2022-05-20 11:27:08 DEBUG [localhost-startStop-1] (o.s.d.r.c.s.RepositoryFactorySupport:331) - Finished creation of repository instance for com.foucsr.ticketmanager.mysql.database.repository.EmailDetailsRepository.
2022-05-20 11:27:08 DEBUG [restartedMain] (o.s.d.r.c.s.RepositoryFactorySupport:292) - Initializing repository instance for com.foucsr.ticketmanager.mysql.database.repository.RoleRepository…
2022-05-20 11:27:08 DEBUG [restartedMain] (o.s.d.j.r.q.JpaQueryFactory:55) - Looking up query for method findByName
2022-05-20 11:27:08 DEBUG [restartedMain] (o.s.d.j.r.q.NamedQuery:138) - Looking up named query Role.findByName
2022-05-20 11:27:08 DEBUG [restartedMain] (o.s.d.j.r.q.NamedQuery:119) - Did not find named query Role.findByName
2022-05-20 11:27:08 DEBUG [restartedMain] (o.s.d.r.c.s.RepositoryFactorySupport:331) - Finished creation of repository instance for com.foucsr.ticketmanager.mysql.database.repository.RoleRepository.
2022-05-20 11:27:09 DEBUG [HikariPool-1 connection adder] (c.z.h.p.HikariPool$PoolEntryCreator:702) - HikariPool-1 - Added connection com.mysql.jdbc.JDBC4Connection@3775f142
2022-05-20 11:27:09 DEBUG [restartedMain] (o.s.d.r.c.s.RepositoryFactorySupport:292) - Initializing repository instance for com.foucsr.ticketmanager.mysql.database.repository.GroupAgentRepository…
2022-05-20 11:27:09 DEBUG [restartedMain] (o.s.d.j.r.q.JpaQueryFactory:55) - Looking up query for method findGroupAgentsByName
2022-05-20 11:27:09 DEBUG [restartedMain] (o.s.d.j.r.q.JpaQueryFactory:55) - Looking up query for method findGroupAgentsById
2022-05-20 11:27:09 DEBUG [restartedMain] (o.s.d.r.c.s.RepositoryFactorySupport:331) - Finished creation of repository instance for com.foucsr.ticketmanager.mysql.database.repository.GroupAgentRepository.
2022-05-20 11:27:09 DEBUG [restartedMain] (o.s.d.r.c.s.RepositoryFactorySupport:292) - Initializing repository instance for com.foucsr.ticketmanager.mysql.database.repository.BusinessFunctionRepository…
2022-05-20 11:27:09 DEBUG [restartedMain] (o.s.d.j.r.q.JpaQueryFactory:55) - Looking up query for method findBusinessFunctionsById
2022-05-20 11:27:09 DEBUG [restartedMain] (o.s.d.r.c.s.RepositoryFactorySupport:331) - Finished creation of repository instance for com.foucsr.ticketmanager.mysql.database.repository.BusinessFunctionRepository.
2022-05-20 11:27:09 DEBUG [restartedMain] (o.s.d.r.c.s.RepositoryFactorySupport:292) - Initializing repository instance for com.foucsr.ticketmanager.mysql.database.repository.ScreensRepository…
2022-05-20 11:27:09 DEBUG [restartedMain] (o.s.d.r.c.s.RepositoryFactorySupport:331) - Finished creation of repository instance for com.foucsr.ticketmanager.mysql.database.repository.ScreensRepository.
2022-05-20 11:27:09 DEBUG [restartedMain] (o.s.d.r.c.s.RepositoryFactorySupport:292) - Initializing repository instance for com.foucsr.ticketmanager.mysql.database.repository.UnassignedTicketTimeRepository…
2022-05-20 11:27:09 DEBUG [restartedMain] (o.s.d.r.c.s.RepositoryFactorySupport:331) - Finished creation of repository instance for com.foucsr.ticketmanager.mysql.database.repository.UnassignedTicketTimeRepository.
2022-05-20 11:27:09 DEBUG [HikariPool-1 connection adder] (c.z.h.p.HikariPool$PoolEntryCreator:702) - HikariPool-1 - Added connection com.mysql.jdbc.JDBC4Connection@593e4667
2022-05-20 11:27:09 DEBUG [HikariPool-1 connection adder] (c.z.h.pool.HikariPool:404) - HikariPool-1 - After adding stats (total=10, active=0, idle=10, waiting=0)
2022-05-20 11:27:11 INFO  [restartedMain] (o.a.j.l.DirectJDKLog:180) - Starting ProtocolHandler ["http-nio-9090"]
2022-05-20 11:27:11 INFO  [restartedMain] (o.a.j.l.DirectJDKLog:180) - Using a shared selector for servlet write/read
2022-05-20 11:27:34 DEBUG [HikariPool-1 housekeeper] (c.z.h.pool.HikariPool:404) - HikariPool-1 - Pool stats (total=10, active=0, idle=10, waiting=0)
2022-05-20 11:28:04 DEBUG [HikariPool-1 housekeeper] (c.z.h.pool.HikariPool:404) - HikariPool-1 - Pool stats (total=10, active=0, idle=10, waiting=0)
2022-05-20 11:28:34 DEBUG [HikariPool-1 housekeeper] (c.z.h.pool.HikariPool:404) - HikariPool-1 - Pool stats (total=10, active=0, idle=10, waiting=0)
2022-05-20 11:29:04 DEBUG [HikariPool-1 housekeeper] (c.z.h.pool.HikariPool:404) - HikariPool-1 - Pool stats (total=10, active=0, idle=10, waiting=0)
2022-05-20 11:29:34 DEBUG [HikariPool-1 housekeeper] (c.z.h.pool.HikariPool:404) - HikariPool-1 - Pool stats (total=10, active=0, idle=10, waiting=0)
2022-05-20 11:30:04 DEBUG [HikariPool-1 housekeeper] (c.z.h.pool.HikariPool:404) - HikariPool-1 - Pool stats (total=10, active=0, idle=10, waiting=0)
2022-05-20 11:30:34 DEBUG [HikariPool-1 housekeeper] (c.z.h.pool.HikariPool:404) - HikariPool-1 - Pool stats (total=10, active=0, idle=10, waiting=0)
2022-05-20 11:31:04 DEBUG [HikariPool-1 housekeeper] (c.z.h.pool.HikariPool:404) - HikariPool-1 - Pool stats (total=10, active=0, idle=10, waiting=0)
2022-05-20 11:31:34 DEBUG [HikariPool-1 housekeeper] (c.z.h.pool.HikariPool:404) - HikariPool-1 - Pool stats (total=10, active=0, idle=10, waiting=0)
2022-05-20 11:32:04 DEBUG [HikariPool-1 housekeeper] (c.z.h.pool.HikariPool:404) - HikariPool-1 - Pool stats (total=10, active=0, idle=10, waiting=0)
2022-05-20 11:32:11 INFO  [RMI TCP Connection(7)-127.0.0.1] (c.z.h.HikariDataSource:381) - HikariPool-1 - Shutdown initiated...
2022-05-20 11:32:11 DEBUG [RMI TCP Connection(7)-127.0.0.1] (c.z.h.pool.HikariPool:404) - HikariPool-1 - Before shutdown stats (total=10, active=0, idle=10, waiting=0)
2022-05-20 11:32:11 DEBUG [HikariPool-1 connection closer] (c.z.hikari.pool.PoolBase:127) - HikariPool-1 - Closing connection com.mysql.jdbc.JDBC4Connection@8a4085a: (connection evicted)
2022-05-20 11:32:11 DEBUG [HikariPool-1 connection closer] (c.z.hikari.pool.PoolBase:127) - HikariPool-1 - Closing connection com.mysql.jdbc.JDBC4Connection@5f79b7a8: (connection evicted)
2022-05-20 11:32:11 DEBUG [HikariPool-1 connection closer] (c.z.hikari.pool.PoolBase:127) - HikariPool-1 - Closing connection com.mysql.jdbc.JDBC4Connection@2babbc70: (connection evicted)
2022-05-20 11:32:11 DEBUG [HikariPool-1 connection closer] (c.z.hikari.pool.PoolBase:127) - HikariPool-1 - Closing connection com.mysql.jdbc.JDBC4Connection@7783aeff: (connection evicted)
2022-05-20 11:32:11 DEBUG [HikariPool-1 connection closer] (c.z.hikari.pool.PoolBase:127) - HikariPool-1 - Closing connection com.mysql.jdbc.JDBC4Connection@119cdf3c: (connection evicted)
2022-05-20 11:32:11 DEBUG [HikariPool-1 connection closer] (c.z.hikari.pool.PoolBase:127) - HikariPool-1 - Closing connection com.mysql.jdbc.JDBC4Connection@3f11d359: (connection evicted)
2022-05-20 11:32:11 DEBUG [HikariPool-1 connection closer] (c.z.hikari.pool.PoolBase:127) - HikariPool-1 - Closing connection com.mysql.jdbc.JDBC4Connection@4ba3c39b: (connection evicted)
2022-05-20 11:32:11 DEBUG [HikariPool-1 connection closer] (c.z.hikari.pool.PoolBase:127) - HikariPool-1 - Closing connection com.mysql.jdbc.JDBC4Connection@7afed8d3: (connection evicted)
2022-05-20 11:32:11 DEBUG [HikariPool-1 connection closer] (c.z.hikari.pool.PoolBase:127) - HikariPool-1 - Closing connection com.mysql.jdbc.JDBC4Connection@3775f142: (connection evicted)
2022-05-20 11:32:11 DEBUG [HikariPool-1 connection closer] (c.z.hikari.pool.PoolBase:127) - HikariPool-1 - Closing connection com.mysql.jdbc.JDBC4Connection@593e4667: (connection evicted)
2022-05-20 11:32:11 DEBUG [RMI TCP Connection(7)-127.0.0.1] (c.z.h.pool.HikariPool:404) - HikariPool-1 - After shutdown stats (total=0, active=0, idle=0, waiting=0)
2022-05-20 11:32:11 INFO  [RMI TCP Connection(7)-127.0.0.1] (c.z.h.HikariDataSource:383) - HikariPool-1 - Shutdown completed.
